-rwxrwxrwx 1 root root 962 Jan 25 22:41 /root/scripts/U-16.sh
-rwxrwxrwx 1 root root 414 Jan 25 23:06 /root/scripts/result.log
-rwxrwxrwx 1 root root 934 Jan 25 22:42 /root/scripts/U-17.sh
-rwxrwxrwx 1 root root 1202 Jan 25 22:26 /root/scripts/U-11.sh
-rwxrwxrwx 1 root root 973 Jan 25 22:21 /root/scripts/U-09.sh
-rwxrwxrwx 1 root root 1211 Jan 25 22:31 /root/scripts/U-13.sh
-rwxrwxrwx 1 root root 838 Jan 25 22:39 /root/scripts/time_conversion2.sh
-rwxrwxrwx 1 root root 812 Jan 25 22:50 /root/scripts/U-38.sh
-rwxrwxrwx 1 root root 916 Jan 25 22:17 /root/scripts/U-07.sh
-rwxrwxrwx 1 root root 231 Jan 25 22:44 /root/scripts/nosetuid.txt
-rwxrwxrwx 1 root root 1716 Jan 25 22:27 /root/scripts/test.sh
-rwxrwxrwx 1 root root 0 Jan 25 23:06 /root/scripts/check.log
-rwxrwxrwx 1 root root 470 Jan 25 22:55 /root/scripts/U-23.sh
-rwxrwxrwx 1 root root 120 Jan 25 22:51 /root/scripts/perm.list
-rwxrwxrwx 1 root root 1048 Jan 25 22:20 /root/scripts/U-08.sh
-rwxrwxrwx 1 root root 1093 Jan 25 22:40 /root/scripts/U-15.sh
-rwxrwxrwx 1 root root 875 Jan 25 22:16 /root/scripts/U-06.sh
-rwxrwxrwx 1 root root 2651 Jan 25 22:07 /root/scripts/U-02.sh
-rwxrwxrwx 1 root root 347 Jan 25 22:38 /root/scripts/time_conversion.sh
-rwxrwxrwx 1 root root 1019 Jan 25 22:11 /root/scripts/U-03.sh
-rwxrwxrwx 1 root root 0 Jan 25 22:49 /root/scripts/vsftpd.pid
-rwxrwxrwx 1 root root 733 Jan 25 22:13 /root/scripts/U-05.sh
-rwxrwxrwx 1 root root 3904 Jan 25 22:06 /root/scripts/function.sh
-rwxrwxrwx 1 root root 1449 Jan 25 22:37 /root/scripts/U-14.sh
-rwxrwxrwx 1 root root 916 Jan 25 22:04 /root/scripts/U-01.sh
-rwxrwxrwx 1 root root 561 Jan 25 22:44 /root/scripts/check_suid_delete.sh
-rwxrwxrwx 1 root root 1930 Jan 25 22:25 /root/scripts/U-10.sh
-rwxrwxrwx 1 root root 1735 Jan 25 22:46 /root/scripts/U-18.sh
-rwxrwxrwx 1 root root 742 Jan 25 22:56 /root/scripts/check_perm.sh
-rwxrwxrwx 1 root root 1171 Jan 25 22:46 /root/scripts/U-24.sh
-rwxrwxrwx 1 root root 1112 Jan 25 22:49 /root/scripts/U-37.sh
-rwxrwxrwx 1 root root 76 Jan 25 22:38 /root/scripts/time.sh
-rwxrwxrwx 1 root root 1961 Jan 25 22:51 /root/scripts/U-39.sh
-rwxrwxrwx 1 root root 777 Jan 25 22:48 /root/scripts/U-36.sh
-rwxrwxrwx 1 root root 610 Jan 25 22:12 /root/scripts/U-04.sh
-rwxrwxrwx 1 root root 1178 Jan 25 22:27 /root/scripts/U-12.sh
-rw-rw-rw- 1 root root 0 Jan 25 17:04 /sys/kernel/security/apparmor/.remove
-rw-rw-rw- 1 root root 0 Jan 25 17:04 /sys/kernel/security/apparmor/.replace
-rw-rw-rw- 1 root root 0 Jan 25 17:04 /sys/kernel/security/apparmor/.load
-rw-rw-rw- 1 root root 0 Jan 25 17:04 /sys/kernel/security/apparmor/.access
--w--w--w- 1 root root 0 Jan 25 23:06 /sys/fs/cgroup/memory/user.slice/cgroup.event_control
--w--w--w- 1 root root 0 Jan 25 23:06 /sys/fs/cgroup/memory/user.slice/user-1000.slice/session-33.scope/cgroup.event_control
--w--w--w- 1 root root 0 Jan 25 23:06 /sys/fs/cgroup/memory/user.slice/user-1000.slice/user@1000.service/cgroup.event_control
--w--w--w- 1 root root 0 Jan 25 23:06 /sys/fs/cgroup/memory/user.slice/user-1000.slice/cgroup.event_control
--w--w--w- 1 root root 0 Jan 25 23:06 /sys/fs/cgroup/memory/cgroup.event_control
--w--w--w- 1 root root 0 Jan 25 23:06 /sys/fs/cgroup/memory/system.slice/irqbalance.service/cgroup.event_control
--w--w--w- 1 root root 0 Jan 25 23:06 /sys/fs/cgroup/memory/system.slice/system-systemd\x2dfsck.slice/cgroup.event_control
--w--w--w- 1 root root 0 Jan 25 23:06 /sys/fs/cgroup/memory/system.slice/apache2.service/cgroup.event_control
--w--w--w- 1 root root 0 Jan 25 23:06 /sys/fs/cgroup/memory/system.slice/snap-bare-5.mount/cgroup.event_control
--w--w--w- 1 root root 0 Jan 25 23:06 /sys/fs/cgroup/memory/system.slice/open-vm-tools.service/cgroup.event_control
--w--w--w- 1 root root 0 Jan 25 23:06 /sys/fs/cgroup/memory/system.slice/systemd-udevd.service/cgroup.event_control
--w--w--w- 1 root root 0 Jan 25 23:06 /sys/fs/cgroup/memory/system.slice/snap-gtk\x2dcommon\x2dthemes-1515.mount/cgroup.event_control
--w--w--w- 1 root root 0 Jan 25 23:06 /sys/fs/cgroup/memory/system.slice/whoopsie.service/cgroup.event_control
--w--w--w- 1 root root 0 Jan 25 23:06 /sys/fs/cgroup/memory/system.slice/cron.service/cgroup.event_control
--w--w--w- 1 root root 0 Jan 25 23:06 /sys/fs/cgroup/memory/system.slice/sys-fs-fuse-connections.mount/cgroup.event_control
--w--w--w- 1 root root 0 Jan 25 23:06 /sys/fs/cgroup/memory/system.slice/sys-kernel-config.mount/cgroup.event_control
--w--w--w- 1 root root 0 Jan 25 23:06 /sys/fs/cgroup/memory/system.slice/polkit.service/cgroup.event_control
--w--w--w- 1 root root 0 Jan 25 23:06 /sys/fs/cgroup/memory/system.slice/networkd-dispatcher.service/cgroup.event_control
--w--w--w- 1 root root 0 Jan 25 23:06 /sys/fs/cgroup/memory/system.slice/rtkit-daemon.service/cgroup.event_control
--w--w--w- 1 root root 0 Jan 25 23:06 /sys/fs/cgroup/memory/system.slice/snap-snap\x2dstore-558.mount/cgroup.event_control
--w--w--w- 1 root root 0 Jan 25 23:06 /sys/fs/cgroup/memory/system.slice/snap-gtk\x2dcommon\x2dthemes-1519.mount/cgroup.event_control
--w--w--w- 1 root root 0 Jan 25 22:42 /sys/fs/cgroup/memory/system.slice/sys-kernel-debug.mount/cgroup.event_control
--w--w--w- 1 root root 0 Jan 25 22:42 /sys/fs/cgroup/memory/system.slice/bluetooth.service/cgroup.event_control
--w--w--w- 1 root root 0 Jan 25 22:42 /sys/fs/cgroup/memory/system.slice/snap-snapd-14549.mount/cgroup.event_control
--w--w--w- 1 root root 0 Jan 25 22:42 /sys/fs/cgroup/memory/system.slice/accounts-daemon.service/cgroup.event_control
--w--w--w- 1 root root 0 Jan 25 22:42 /sys/fs/cgroup/memory/system.slice/swapfile.swap/cgroup.event_control
--w--w--w- 1 root root 0 Jan 25 22:42 /sys/fs/cgroup/memory/system.slice/wpa_supplicant.service/cgroup.event_control
--w--w--w- 1 root root 0 Jan 25 22:42 /sys/fs/cgroup/memory/system.slice/system-modprobe.slice/cgroup.event_control
--w--w--w- 1 root root 0 Jan 25 22:42 /sys/fs/cgroup/memory/system.slice/ModemManager.service/cgroup.event_control
--w--w--w- 1 root root 0 Jan 25 22:42 /sys/fs/cgroup/memory/system.slice/systemd-journald.service/cgroup.event_control
--w--w--w- 1 root root 0 Jan 25 22:42 /sys/fs/cgroup/memory/system.slice/snap-gnome\x2d3\x2d34\x2d1804-72.mount/cgroup.event_control
--w--w--w- 1 root root 0 Jan 25 22:42 /sys/fs/cgroup/memory/system.slice/unattended-upgrades.service/cgroup.event_control
--w--w--w- 1 root root 0 Jan 25 22:42 /sys/fs/cgroup/memory/system.slice/dev-mqueue.mount/cgroup.event_control
--w--w--w- 1 root root 0 Jan 25 22:42 /sys/fs/cgroup/memory/system.slice/colord.service/cgroup.event_control
--w--w--w- 1 root root 0 Jan 25 22:42 /sys/fs/cgroup/memory/system.slice/run-vmblock\x2dfuse.mount/cgroup.event_control
--w--w--w- 1 root root 0 Jan 25 22:42 /sys/fs/cgroup/memory/system.slice/NetworkManager.service/cgroup.event_control
--w--w--w- 1 root root 0 Jan 25 22:42 /sys/fs/cgroup/memory/system.slice/vgauth.service/cgroup.event_control
--w--w--w- 1 root root 0 Jan 25 22:42 /sys/fs/cgroup/memory/system.slice/snapd.service/cgroup.event_control
--w--w--w- 1 root root 0 Jan 25 22:42 /sys/fs/cgroup/memory/system.slice/gdm.service/cgroup.event_control
--w--w--w- 1 root root 0 Jan 25 22:42 /sys/fs/cgroup/memory/system.slice/switcheroo-control.service/cgroup.event_control
--w--w--w- 1 root root 0 Jan 25 22:42 /sys/fs/cgroup/memory/system.slice/rsyslog.service/cgroup.event_control
--w--w--w- 1 root root 0 Jan 25 22:42 /sys/fs/cgroup/memory/system.slice/snap-core20-1270.mount/cgroup.event_control
--w--w--w- 1 root root 0 Jan 25 22:42 /sys/fs/cgroup/memory/system.slice/boot-efi.mount/cgroup.event_control
--w--w--w- 1 root root 0 Jan 25 22:42 /sys/fs/cgroup/memory/system.slice/sys-kernel-tracing.mount/cgroup.event_control
--w--w--w- 1 root root 0 Jan 25 22:42 /sys/fs/cgroup/memory/system.slice/cgroup.event_control
--w--w--w- 1 root root 0 Jan 25 22:42 /sys/fs/cgroup/memory/system.slice/kerneloops.service/cgroup.event_control
--w--w--w- 1 root root 0 Jan 25 22:42 /sys/fs/cgroup/memory/system.slice/snap-snapd-14295.mount/cgroup.event_control
--w--w--w- 1 root root 0 Jan 25 22:42 /sys/fs/cgroup/memory/system.slice/snapd.socket/cgroup.event_control
--w--w--w- 1 root root 0 Jan 25 22:42 /sys/fs/cgroup/memory/system.slice/snap-core18-2284.mount/cgroup.event_control
--w--w--w- 1 root root 0 Jan 25 22:42 /sys/fs/cgroup/memory/system.slice/cups-browsed.service/cgroup.event_control
--w--w--w- 1 root root 0 Jan 25 22:42 /sys/fs/cgroup/memory/system.slice/snap-gnome\x2d3\x2d34\x2d1804-77.mount/cgroup.event_control
--w--w--w- 1 root root 0 Jan 25 20:57 /sys/fs/cgroup/memory/system.slice/cups.service/cgroup.event_control
--w--w--w- 1 root root 0 Jan 25 20:57 /sys/fs/cgroup/memory/system.slice/upower.service/cgroup.event_control
--w--w--w- 1 root root 0 Jan 25 20:57 /sys/fs/cgroup/memory/system.slice/systemd-resolved.service/cgroup.event_control
--w--w--w- 1 root root 0 Jan 25 20:57 /sys/fs/cgroup/memory/system.slice/udisks2.service/cgroup.event_control
--w--w--w- 1 root root 0 Jan 25 20:57 /sys/fs/cgroup/memory/system.slice/snap-snap\x2dstore-547.mount/cgroup.event_control
--w--w--w- 1 root root 0 Jan 25 20:57 /sys/fs/cgroup/memory/system.slice/acpid.service/cgroup.event_control
--w--w--w- 1 root root 0 Jan 25 20:57 /sys/fs/cgroup/memory/system.slice/dev-hugepages.mount/cgroup.event_control
--w--w--w- 1 root root 0 Jan 25 20:57 /sys/fs/cgroup/memory/system.slice/dbus.service/cgroup.event_control
--w--w--w- 1 root root 0 Jan 25 20:57 /sys/fs/cgroup/memory/system.slice/systemd-timesyncd.service/cgroup.event_control
--w--w--w- 1 root root 0 Jan 25 20:57 /sys/fs/cgroup/memory/system.slice/system-getty.slice/cgroup.event_control
--w--w--w- 1 root root 0 Jan 25 20:57 /sys/fs/cgroup/memory/system.slice/avahi-daemon.service/cgroup.event_control
--w--w--w- 1 root root 0 Jan 25 20:57 /sys/fs/cgroup/memory/system.slice/systemd-logind.service/cgroup.event_control
--w--w--w- 1 root root 0 Jan 25 20:57 /sys/fs/cgroup/memory/system.slice/snap-gnome\x2d3\x2d38\x2d2004-87.mount/cgroup.event_control
--w--w--w- 1 root root 0 Jan 25 20:57 /sys/fs/cgroup/memory/system.slice/snap-core18-2128.mount/cgroup.event_control
-rwxrw-rw- 1 ubuntu ubuntu 4148 Jan 22 00:16 /home/ubuntu/script/function.sh
-rwxrwxrwx 1 ubuntu ubuntu 932 Jan 22 00:13 /home/ubuntu/script/U-01.sh
-rwxrw-rw- 1 ubuntu ubuntu 240 Jan 22 00:16 /home/ubuntu/script/system_check.sh
-rwxrw-rw- 1 ubuntu ubuntu 932 Jan 22 00:13 /home/ubuntu/.cache/vmware/drag_and_drop/WUF53K/U-01.sh
-rwxrw-rw- 1 ubuntu ubuntu 4148 Jan 22 00:16 /home/ubuntu/.cache/vmware/drag_and_drop/uzTWLL/function.sh
-rwxrw-rw- 1 ubuntu ubuntu 385 Jan 22 00:08 /home/ubuntu/.cache/vmware/drag_and_drop/NyymDM/U-02.sh
-rwxrw-rw- 1 ubuntu ubuntu 240 Jan 22 00:16 /home/ubuntu/.cache/vmware/drag_and_drop/Op20eK/system_check.sh
